<?xml version="1.0" encoding="UTF-8"?>
<testsuite name="Тестовый класс для проверки домашней страницы GOOGLE.COM" tests="1" skipped="0" failures="1" errors="0" timestamp="2024-06-21T10:32:01" hostname="PORTISHEAD-PC" time="3.741">
  <properties/>
  <testcase name="Find {Котики} on {Google.com} :: итерация [1] из [1]" classname="demoQA_tests.HomePageTests" time="3.741">
    <failure message="org.openqa.selenium.ElementClickInterceptedException: element click intercepted: Element &lt;textarea class=&quot;gLFyf&quot; aria-controls=&quot;Alh6id&quot; aria-owns=&quot;Alh6id&quot; autofocus=&quot;&quot; title=&quot;Поиск&quot; value=&quot;&quot; jsaction=&quot;paste:puy29d;&quot; aria-label=&quot;Найти&quot; aria-autocomplete=&quot;both&quot; aria-expanded=&quot;false&quot; aria-haspopup=&quot;false&quot; autocapitalize=&quot;off&quot; autocomplete=&quot;off&quot; autocorrect=&quot;off&quot; id=&quot;APjFqb&quot; maxlength=&quot;2048&quot; name=&quot;q&quot; role=&quot;combobox&quot; rows=&quot;1&quot; spellcheck=&quot;false&quot; data-ved=&quot;0ahUKEwjgtIOKv-yGAxXrX_EDHXe2DLwQ39UDCAQ&quot;&gt;&lt;/textarea&gt; is not clickable at point (981, 399). Other element would receive the click: &lt;li class=&quot;gowsYd M6j9qf&quot;&gt;...&lt;/li&gt;&#10;  (Session info: chrome=126.0.6478.63)&#10;Build info: version: '4.22.0', revision: 'c5f3146703*'&#10;System info: os.name: 'Windows 11', os.arch: 'amd64', os.version: '10.0', java.version: '18.0.2'&#10;Driver info: org.openqa.selenium.chrome.ChromeDriver&#10;Command: [407543d1aed270db74ca8a219cf17b1f, clickElement {id=f.64A8C90E73381F2DE3B731BB25EB758E.d.DC6EB35DEE9E8481DABAECB81BC69E2A.e.2}]&#10;Capabilities {acceptInsecureCerts: false, browserName: chrome, browserVersion: 126.0.6478.63, chrome: {chromedriverVersion: 126.0.6478.63 (df799988fdc9..., userDataDir: C:\Users\PORTIS~1\AppData\L...}, fedcm:accounts: true, goog:chromeOptions: {debuggerAddress: localhost:1625}, networkConnectionEnabled: false, pageLoadStrategy: normal, platformName: windows, proxy: Proxy(), se:cdp: ws://localhost:1625/devtool..., se:cdpVersion: 126.0.6478.63, setWindowRect: true, strictFileInteractability: false, timeouts: {implicit: 0, pageLoad: 300000, script: 30000}, unhandledPromptBehavior: dismiss and notify, webauthn:extension:credBlob: true, webauthn:extension:largeBlob: true, webauthn:extension:minPinLength: true, webauthn:extension:prf: true, webauthn:virtualAuthenticators: true}&#10;Element: [[ChromeDriver: chrome on windows (407543d1aed270db74ca8a219cf17b1f)] -&gt; xpath: //*[@name='q']]&#10;Session ID: 407543d1aed270db74ca8a219cf17b1f" type="org.openqa.selenium.ElementClickInterceptedException">org.openqa.selenium.ElementClickInterceptedException: element click intercepted: Element &lt;textarea class=&quot;gLFyf&quot; aria-controls=&quot;Alh6id&quot; aria-owns=&quot;Alh6id&quot; autofocus=&quot;&quot; title=&quot;Поиск&quot; value=&quot;&quot; jsaction=&quot;paste:puy29d;&quot; aria-label=&quot;Найти&quot; aria-autocomplete=&quot;both&quot; aria-expanded=&quot;false&quot; aria-haspopup=&quot;false&quot; autocapitalize=&quot;off&quot; autocomplete=&quot;off&quot; autocorrect=&quot;off&quot; id=&quot;APjFqb&quot; maxlength=&quot;2048&quot; name=&quot;q&quot; role=&quot;combobox&quot; rows=&quot;1&quot; spellcheck=&quot;false&quot; data-ved=&quot;0ahUKEwjgtIOKv-yGAxXrX_EDHXe2DLwQ39UDCAQ&quot;&gt;&lt;/textarea&gt; is not clickable at point (981, 399). Other element would receive the click: &lt;li class=&quot;gowsYd M6j9qf&quot;&gt;...&lt;/li&gt;
  (Session info: chrome=126.0.6478.63)
Build info: version: '4.22.0', revision: 'c5f3146703*'
System info: os.name: 'Windows 11', os.arch: 'amd64', os.version: '10.0', java.version: '18.0.2'
Driver info: org.openqa.selenium.chrome.ChromeDriver
Command: [407543d1aed270db74ca8a219cf17b1f, clickElement {id=f.64A8C90E73381F2DE3B731BB25EB758E.d.DC6EB35DEE9E8481DABAECB81BC69E2A.e.2}]
Capabilities {acceptInsecureCerts: false, browserName: chrome, browserVersion: 126.0.6478.63, chrome: {chromedriverVersion: 126.0.6478.63 (df799988fdc9..., userDataDir: C:\Users\PORTIS~1\AppData\L...}, fedcm:accounts: true, goog:chromeOptions: {debuggerAddress: localhost:1625}, networkConnectionEnabled: false, pageLoadStrategy: normal, platformName: windows, proxy: Proxy(), se:cdp: ws://localhost:1625/devtool..., se:cdpVersion: 126.0.6478.63, setWindowRect: true, strictFileInteractability: false, timeouts: {implicit: 0, pageLoad: 300000, script: 30000}, unhandledPromptBehavior: dismiss and notify, webauthn:extension:credBlob: true, webauthn:extension:largeBlob: true, webauthn:extension:minPinLength: true, webauthn:extension:prf: true, webauthn:virtualAuthenticators: true}
Element: [[ChromeDriver: chrome on windows (407543d1aed270db74ca8a219cf17b1f)] -&gt; xpath: //*[@name='q']]
Session ID: 407543d1aed270db74ca8a219cf17b1f
	at java.base@18.0.2/jdk.internal.reflect.DirectConstructorHandleAccessor.newInstance(DirectConstructorHandleAccessor.java:67)
	at java.base@18.0.2/java.lang.reflect.Constructor.newInstanceWithCaller(Constructor.java:499)
	at java.base@18.0.2/java.lang.reflect.Constructor.newInstance(Constructor.java:483)
	at app//org.openqa.selenium.remote.ErrorCodec.decode(ErrorCodec.java:167)
	at app//org.openqa.selenium.remote.codec.w3c.W3CHttpResponseCodec.decode(W3CHttpResponseCodec.java:138)
	at app//org.openqa.selenium.remote.codec.w3c.W3CHttpResponseCodec.decode(W3CHttpResponseCodec.java:50)
	at app//org.openqa.selenium.remote.HttpCommandExecutor.execute(HttpCommandExecutor.java:190)
	at app//org.openqa.selenium.remote.service.DriverCommandExecutor.invokeExecute(DriverCommandExecutor.java:216)
	at app//org.openqa.selenium.remote.service.DriverCommandExecutor.execute(DriverCommandExecutor.java:174)
	at app//org.openqa.selenium.remote.RemoteWebDriver.execute(RemoteWebDriver.java:518)
	at app//org.openqa.selenium.remote.RemoteWebElement.execute(RemoteWebElement.java:223)
	at app//org.openqa.selenium.remote.RemoteWebElement.click(RemoteWebElement.java:76)
	at java.base@18.0.2/jdk.internal.reflect.DirectMethodHandleAccessor.invoke(DirectMethodHandleAccessor.java:104)
	at java.base@18.0.2/java.lang.reflect.Method.invoke(Method.java:577)
	at app//org.openqa.selenium.support.pagefactory.internal.LocatingElementHandler.invoke(LocatingElementHandler.java:51)
	at app/jdk.proxy3/jdk.proxy3.$Proxy22.click(Unknown Source)
	at app//core.BasePage.click(BasePage.java:57)
	at app//core.BasePage.type(BasePage.java:69)
	at app//demoQA_tests.HomePageTests.searchTest(HomePageTests.java:29)
	at java.base@18.0.2/java.lang.reflect.Method.invoke(Method.java:577)
	at app//io.qameta.allure.junit5.AllureJunit5.interceptTestTemplateMethod(AllureJunit5.java:59)
	at java.base@18.0.2/java.util.stream.ForEachOps$ForEachOp$OfRef.accept(ForEachOps.java:183)
	at java.base@18.0.2/java.util.stream.ReferencePipeline$3$1.accept(ReferencePipeline.java:197)
	at java.base@18.0.2/java.util.stream.ReferencePipeline$2$1.accept(ReferencePipeline.java:179)
	at java.base@18.0.2/java.util.stream.ReferencePipeline$3$1.accept(ReferencePipeline.java:197)
	at java.base@18.0.2/java.util.stream.ForEachOps$ForEachOp$OfRef.accept(ForEachOps.java:183)
	at java.base@18.0.2/java.util.stream.ReferencePipeline$3$1.accept(ReferencePipeline.java:197)
	at java.base@18.0.2/java.util.stream.IntPipeline$1$1.accept(IntPipeline.java:180)
	at java.base@18.0.2/java.util.stream.Streams$RangeIntSpliterator.forEachRemaining(Streams.java:108)
	at java.base@18.0.2/java.util.Spliterator$OfInt.forEachRemaining(Spliterator.java:711)
	at java.base@18.0.2/java.util.stream.AbstractPipeline.copyInto(AbstractPipeline.java:509)
	at java.base@18.0.2/java.util.stream.AbstractPipeline.wrapAndCopyInto(AbstractPipeline.java:499)
	at java.base@18.0.2/java.util.stream.ForEachOps$ForEachOp.evaluateSequential(ForEachOps.java:150)
	at java.base@18.0.2/java.util.stream.ForEachOps$ForEachOp$OfRef.evaluateSequential(ForEachOps.java:173)
	at java.base@18.0.2/java.util.stream.AbstractPipeline.evaluate(AbstractPipeline.java:234)
	at java.base@18.0.2/java.util.stream.ReferencePipeline.forEach(ReferencePipeline.java:596)
	at java.base@18.0.2/java.util.stream.ReferencePipeline$7$1.accept(ReferencePipeline.java:276)
	at java.base@18.0.2/java.util.ArrayList$ArrayListSpliterator.forEachRemaining(ArrayList.java:1625)
	at java.base@18.0.2/java.util.stream.AbstractPipeline.copyInto(AbstractPipeline.java:509)
	at java.base@18.0.2/java.util.stream.AbstractPipeline.wrapAndCopyInto(AbstractPipeline.java:499)
	at java.base@18.0.2/java.util.stream.ForEachOps$ForEachOp.evaluateSequential(ForEachOps.java:150)
	at java.base@18.0.2/java.util.stream.ForEachOps$ForEachOp$OfRef.evaluateSequential(ForEachOps.java:173)
	at java.base@18.0.2/java.util.stream.AbstractPipeline.evaluate(AbstractPipeline.java:234)
	at java.base@18.0.2/java.util.stream.ReferencePipeline.forEach(ReferencePipeline.java:596)
	at java.base@18.0.2/java.util.ArrayList.forEach(ArrayList.java:1511)
	at java.base@18.0.2/java.util.ArrayList.forEach(ArrayList.java:1511)
</failure>
  </testcase>
  <system-out><![CDATA[12:32:01.633 [Test worker] INFO core.BaseTest -- ========================= searchTest ============================
12:32:01.640 [Test worker] INFO core.BaseTest -- START TEST: Find {Котики} on {Google.com} :: итерация [1] из [1]
12:32:03.987 [Test worker] ERROR io.qameta.allure.util.NamingUtils -- Could not find parameter name
12:32:05.350 [Test worker] ERROR core.BaseTest -- FAILED TEST: [searchTest], TIME for test execution: [2025] ms
12:32:05.464 [Test worker] INFO core.BaseTest -- **************************** ВСЕ ТЕСТЫ ЗАВЕРШЕНЫ ****************************
]]></system-out>
  <system-err><![CDATA[]]></system-err>
</testsuite>
